# JRE version: Java(TM) SE Runtime Environment (9.0+11) (build 9.0.4+11)
# Java VM: Java HotSpot(TM) 64-Bit Server VM (9.0.4+11, mixed mode, tiered, compressed oops, g1 gc, linux-amd64)
Heap:
 garbage-first heap   total 524288K, used 71313K [0x00000006c0000000, 0x00000006c0101000, 0x00000007c0000000)
  region size 1024K, 12 young (12288K), 9 survivors (9216K)
 Metaspace       used 20437K, capacity 21834K, committed 22012K, reserved 1069056K
  class space    used 1941K, capacity 2340K, committed 2432K, reserved 1048576K
GC Heap History (10 events):
Event: 1.862 GC heap before
{Heap before GC invocations=2 (full 0):
 garbage-first heap   total 524288K, used 71302K [0x00000006c0000000, 0x00000006c0101000, 0x00000007c0000000)
  region size 1024K, 38 young (38912K), 22 survivors (22528K)
 Metaspace       used 13812K, capacity 14190K, committed 14464K, reserved 1062912K
  class space    used 1292K, capacity 1351K, committed 1408K, reserved 1048576K
}
Event: 1.875 GC heap after
{Heap after GC invocations=3 (full 0):
 garbage-first heap   total 524288K, used 58419K [0x00000006c0000000, 0x00000006c0101000, 0x00000007c0000000)
  region size 1024K, 4 young (4096K), 4 survivors (4096K)
 Metaspace       used 13812K, capacity 14190K, committed 14464K, reserved 1062912K
  class space    used 1292K, capacity 1351K, committed 1408K, reserved 1048576K
}
Event: 2.227 GC heap before
{Heap before GC invocations=3 (full 0):
 garbage-first heap   total 524288K, used 79923K [0x00000006c0000000, 0x00000006c0101000, 0x00000007c0000000)
  region size 1024K, 25 young (25600K), 4 survivors (4096K)
 Metaspace       used 17346K, capacity 18554K, committed 18688K, reserved 1067008K
  class space    used 1679K, capacity 1925K, committed 2048K, reserved 1048576K
}
Event: 2.232 GC heap after
{Heap after GC invocations=4 (full 0):
 garbage-first heap   total 524288K, used 62650K [0x00000006c0000000, 0x00000006c0101000, 0x00000007c0000000)
  region size 1024K, 4 young (4096K), 4 survivors (4096K)
 Metaspace       used 17346K, capacity 18554K, committed 18688K, reserved 1067008K
  class space    used 1679K, capacity 1925K, committed 2048K, reserved 1048576K
}
Event: 2.481 GC heap before
{Heap before GC invocations=4 (full 0):
 garbage-first heap   total 524288K, used 84154K [0x00000006c0000000, 0x00000006c0101000, 0x00000007c0000000)
  region size 1024K, 25 young (25600K), 4 survivors (4096K)
 Metaspace       used 17659K, capacity 18818K, committed 18944K, reserved 1067008K
  class space    used 1679K, capacity 1925K, committed 2048K, reserved 1048576K
}
Event: 2.487 GC heap after
{Heap after GC invocations=5 (full 0):
 garbage-first heap   total 524288K, used 70457K [0x00000006c0000000, 0x00000006c0101000, 0x00000007c0000000)
  region size 1024K, 4 young (4096K), 4 survivors (4096K)
 Metaspace       used 17659K, capacity 18818K, committed 18944K, reserved 1067008K
  class space    used 1679K, capacity 1925K, committed 2048K, reserved 1048576K
}
Event: 2.739 GC heap before
{Heap before GC invocations=5 (full 0):
 garbage-first heap   total 524288K, used 115513K [0x00000006c0000000, 0x00000006c0101000, 0x00000007c0000000)
  region size 1024K, 47 young (48128K), 4 survivors (4096K)
 Metaspace       used 17888K, capacity 19016K, committed 19200K, reserved 1067008K
  class space    used 1681K, capacity 1926K, committed 2048K, reserved 1048576K
}
Event: 2.745 GC heap after
{Heap after GC invocations=6 (full 0):
 garbage-first heap   total 524288K, used 80344K [0x00000006c0000000, 0x00000006c0101000, 0x00000007c0000000)
  region size 1024K, 6 young (6144K), 6 survivors (6144K)
 Metaspace       used 17888K, capacity 19016K, committed 19200K, reserved 1067008K
  class space    used 1681K, capacity 1926K, committed 2048K, reserved 1048576K
}
Event: 2.860 GC heap before
{Heap before GC invocations=6 (full 0):
 garbage-first heap   total 524288K, used 89560K [0x00000006c0000000, 0x00000006c0101000, 0x00000007c0000000)
  region size 1024K, 16 young (16384K), 6 survivors (6144K)
 Metaspace       used 19722K, capacity 21148K, committed 21248K, reserved 1069056K
  class space    used 1851K, capacity 2219K, committed 2304K, reserved 1048576K
}
Event: 2.865 GC heap after
{Heap after GC invocations=7 (full 0):
 garbage-first heap   total 524288K, used 82025K [0x00000006c0000000, 0x00000006c0101000, 0x00000007c0000000)
  region size 1024K, 9 young (9216K), 9 survivors (9216K)
 Metaspace       used 19722K, capacity 21148K, committed 21248K, reserved 1069056K
  class space    used 1851K, capacity 2219K, committed 2304K, reserved 1048576K
}

